Listing '.'...
Listing './.dev_pipeline'...
Listing './.git'...
Listing './.git/branches'...
Listing './.git/hooks'...
Listing './.git/info'...
Listing './.git/logs'...
Listing './.git/logs/refs'...
Listing './.git/logs/refs/heads'...
Listing './.git/logs/refs/heads/wip'...
Listing './.git/logs/refs/remotes'...
Listing './.git/logs/refs/remotes/origin'...
Listing './.git/logs/refs/remotes/origin/wip'...
Listing './.git/objects'...
Listing './.git/objects/00'...
Listing './.git/objects/04'...
Listing './.git/objects/07'...
Listing './.git/objects/08'...
Listing './.git/objects/10'...
Listing './.git/objects/11'...
Listing './.git/objects/14'...
Listing './.git/objects/17'...
Listing './.git/objects/1c'...
Listing './.git/objects/1e'...
Listing './.git/objects/1f'...
Listing './.git/objects/25'...
Listing './.git/objects/2a'...
Listing './.git/objects/2b'...
Listing './.git/objects/34'...
Listing './.git/objects/3b'...
Listing './.git/objects/3d'...
Listing './.git/objects/3e'...
Listing './.git/objects/3f'...
Listing './.git/objects/40'...
Listing './.git/objects/41'...
Listing './.git/objects/42'...
Listing './.git/objects/46'...
Listing './.git/objects/50'...
Listing './.git/objects/5e'...
Listing './.git/objects/62'...
Listing './.git/objects/65'...
Listing './.git/objects/66'...
Listing './.git/objects/67'...
Listing './.git/objects/68'...
Listing './.git/objects/69'...
Listing './.git/objects/6b'...
Listing './.git/objects/6d'...
Listing './.git/objects/71'...
Listing './.git/objects/7a'...
Listing './.git/objects/7b'...
Listing './.git/objects/7e'...
Listing './.git/objects/86'...
Listing './.git/objects/87'...
Listing './.git/objects/8a'...
Listing './.git/objects/8d'...
Listing './.git/objects/8e'...
Listing './.git/objects/91'...
Listing './.git/objects/92'...
Listing './.git/objects/93'...
Listing './.git/objects/96'...
Listing './.git/objects/98'...
Listing './.git/objects/9b'...
Listing './.git/objects/9c'...
Listing './.git/objects/a1'...
Listing './.git/objects/a2'...
Listing './.git/objects/a4'...
Listing './.git/objects/ab'...
Listing './.git/objects/ad'...
Listing './.git/objects/b0'...
Listing './.git/objects/b2'...
Listing './.git/objects/b6'...
Listing './.git/objects/b8'...
Listing './.git/objects/b9'...
Listing './.git/objects/bd'...
Listing './.git/objects/c9'...
Listing './.git/objects/cb'...
Listing './.git/objects/cf'...
Listing './.git/objects/d7'...
Listing './.git/objects/e4'...
Listing './.git/objects/e9'...
Listing './.git/objects/f2'...
Listing './.git/objects/f8'...
Listing './.git/objects/fc'...
Listing './.git/objects/fe'...
Listing './.git/objects/ff'...
Listing './.git/objects/info'...
Listing './.git/objects/pack'...
Listing './.git/refs'...
Listing './.git/refs/heads'...
Listing './.git/refs/heads/wip'...
Listing './.git/refs/remotes'...
Listing './.git/refs/remotes/origin'...
Listing './.git/refs/remotes/origin/wip'...
Listing './.git/refs/tags'...
Listing './.pytest_cache'...
Listing './.pytest_cache/v'...
Listing './.pytest_cache/v/cache'...
Listing './data'...
Listing './data/schedules'...
Listing './reports'...
Listing './static'...
Listing './templates'...
Listing './tests'...
Compiling './tests/conftest.py'...
Listing './tests/e2e'...
Compiling './tests/e2e/test_flows.py'...
Listing './tests/integration'...
Compiling './tests/integration/test_api.py'...
Listing './tests/unit'...
Compiling './tests/unit/test_auth.py'...
Compiling './tests/unit/test_schedule.py'...
